

  PROCESS - POST
  result: {"person.firstName":"gfdgdfg","person.lastName":"gfdgdfg","person.phone1.num":"357-97-89789797","person.email1.emailAddress":"gfdgdfgd@jkhhkj.com","brand.id":"78","person.language":"en","person.country":"CY"}

  PROCESS - POST
  result: {"person.firstName":"gfdgdfg","person.lastName":"gfdgdfg","person.phone1.num":"357-97-89789797","person.email1.emailAddress":"gfdgdfgd@jkhhkj.com","brand.id":"78","person.language":"en","person.country":"CY"}

 Finq Lead PROCESS - POST
  result: {"person.firstName":"gfdgdfg","person.lastName":"gfdgdfg","person.phone1.num":"357-97-89789797","person.email1.emailAddress":"gfdgdfgd@jkhhkj.com","brand.id":"78","person.language":"en","person.country":"CY"}

 Finq Lead PROCESS - POST
  result: {"person.firstName":"gfdgdfg","person.lastName":"gfdgdfg","person.phone1.num":"357-97-89789797","person.email1.emailAddress":"gfdgdfgd@jkhhkj.com","brand.id":"78","person.language":"en","person.country":"CY"}

  PROCESS - POST
  result: {"person.firstName":"gfdgdfg","person.lastName":"gfdgdfg","person.phone1.num":"357-97-89789797","person.email1.emailAddress":"gfdgdfgd@jkhhkj.com","brand.id":"78","person.language":"en","person.country":"CY"}

  PROCESS - POST
  result: {"person.firstName":"gfdgdfg","person.lastName":"gfdgdfg","person.phone1.num":"357-97-89789797","person.email1.emailAddress":"gfdgdfgd@jkhhkj.com","brand.id":"78","person.language":"en","person.country":"CY"}

  PROCESS - POST
  result: {"person.firstName":"gfdgdfg","person.lastName":"gfdgdfg","person.phone1.num":"357-97-89789797","person.email1.emailAddress":"gfdgdfgd@jkhhkj.com","brand.id":"78","person.language":"en","person.country":"CY"}

  PROCESS - POST
  result: {"person.firstName":"gfdgdfg","person.lastName":"gfdgdfg","person.phone1.num":"357-97-89789797","person.email1.emailAddress":"gfdgdfgd@jkhhkj.com","brand.id":"78","person.language":"en","person.country":"CY"}

  PROCESS - POST
  result: {"person.firstName":"gfdgdfg","person.lastName":"gfdgdfg","person.phone1.num":"357-97-89789797","person.email1.emailAddress":"gfdgdfgd@jkhhkj.com","brand.id":"78","person.language":"en","person.country":"CY"}

  PROCESS - POST
  result: {"person.firstName":"gfdgdfg","person.lastName":"gfdgdfg","person.phone1.num":"357-97-89789797","person.email1.emailAddress":"gfdgdfgd@jkhhkj.com","brand.id":"78","person.language":"en","person.country":"CY"}

  PROCESS - POST
  result: {"person.firstName":"dsfsd","person.lastName":"fsdfs","person.phone1.num":"357-89-78978979","person.email1.emailAddress":"fsdfsdf@1111.com","brand.id":"78","person.language":"en","person.country":"CY"}

 PROCESS - POST
  result: {"person.firstName":"fdgdfs","person.lastName":"sdfgsfdgsdfg","person.phone1.num":"357-99-654645","person.email1.emailAddress":"gfdsgdsgsdfg@hhh.com","brand.id":"78","person.language":"en","person.country":"CY"}

 PROCESS - POST
  result: {"person.firstName":"fdgdfs","person.lastName":"sdfgsfdgsdfg","person.phone1.num":"357-99-654645","person.email1.emailAddress":"gfdsgdsgsdfg@hhh.com","brand.id":"78","person.language":"en","person.country":"CY"}

 PROCESS - POST
  result: {"person.firstName":"fdgdfs","person.lastName":"sdfgsfdgsdfg","person.phone1.num":"357-99-654645","person.email1.emailAddress":"12345677gfdsgdsgsdfg@hhh.com","brand.id":"78","person.language":"en","person.country":"CY"}

 PROCESS - POST
  result: {"person.firstName":"fdgdfs","person.lastName":"sdfgsfdgsdfg","person.phone1.num":"357-99-654645","person.email1.emailAddress":"12345677gfdsgdsgsdfg@hhh.com","brand.id":"78","person.language":"en","person.country":"CY"}

 PROCESS - POST
  result: {"person.firstName":"fdgdfs","person.lastName":"sdfgsfdgsdfg","person.phone1.num":"357-99-654645","person.email1.emailAddress":"12345677gfdsgdsgsdfg@hhh.com","brand.id":"78","person.language":"en","person.country":"CY"}

 PROCESS - POST
  result: {"person.firstName":"fdgdfs","person.lastName":"sdfgsfdgsdfg","person.phone1.num":"357-99-654645","person.email1.emailAddress":"12345677gfdsgdsgsdfg@hhh.com","brand.id":"78","person.language":"en","person.country":"CY"}

 PROCESS - POST
  result: {"person.firstName":"fdgdfs","person.lastName":"sdfgsfdgsdfg","person.phone1.num":"357-99-654645","person.email1.emailAddress":"12345677gfdsgdsgsdfg@hhh.com","brand.id":"78","person.language":"en","person.country":"CY"}

 PROCESS - POST
  result: {"person.firstName":"fdgdfs","person.lastName":"sdfgsfdgsdfg","person.phone1.num":"357-99-654645","person.email1.emailAddress":"12345677gfdsgdsgsdfg@hhh.com","brand.id":"78","person.language":"en","person.country":"CY"}

 PROCESS - POST
  result: {"person.firstName":"fdgdfs","person.lastName":"sdfgsfdgsdfg","person.phone1.num":"357-99-654645","person.email1.emailAddress":"12345677gfdsgdsgsdfg@hhh.com","brand.id":"78","person.language":"en","person.country":"CY"}

 PROCESS - POST
  result: {"person.firstName":"fdgdfs","person.lastName":"sdfgsfdgsdfg","person.phone1.num":"357-99-654645","person.email1.emailAddress":"12345677gfdsgdsgsdfg@000000000hhh.com","brand.id":"78","person.language":"en","person.country":"CY"}

 PROCESS - POST
  result: {"person.firstName":"fdgdfs","person.lastName":"sdfgsfdgsdfg","person.phone1.num":"357-99-654645","person.email1.emailAddress":"12345677gfdsgdsgsdfg@000000000hhh.com","brand.id":"78","person.language":"en","person.country":"CY"}

 PROCESS - POST
  result: {"person.firstName":"dffdffdfdf","person.lastName":"hjkhkhkjhkj","person.phone1.num":"357-99-887766","person.email1.emailAddress":"jjkkkllll23456@34566jjjj.com","brand.id":"78","person.language":"en","person.country":"CY"}

 PROCESS - POST
  result: {"person.firstName":"dffdffdfdf","person.lastName":"hjkhkhkjhkj","person.phone1.num":"357-99-111111","person.email1.emailAddress":"1234567890@34566jjjj.com","brand.id":"78","person.language":"en","person.country":"CY"}

 PROCESS - POST
  result: {"person.firstName":"dffdffdfdf","person.lastName":"hjkhkhkjhkj","person.phone1.num":"357-99-111221","person.email1.emailAddress":"1234567890ddddd@34566jjjj.com","brand.id":"78","person.language":"en","person.country":"CY"}

 PROCESS - POST
  result: {"person.firstName":"dffdffdfdf","person.lastName":"hjkhkhkjhkj","person.phone1.num":"357-99-111233","person.email1.emailAddress":"lllll3330000jjjjjj@34566jjjj.com","brand.id":"78","person.language":"en","person.country":"CY"}

 PROCESS - POST
  result: {"person.firstName":"myfb","person.lastName":"hhkhk","person.phone1.num":"357-99-111111","person.email1.emailAddress":"testfb@test4324234.com","brand.id":"78","person.language":"en","person.country":"CY","affiliateid":"\"Facebook Ads\""}

 PROCESS - POST
  result: {"person.firstName":"fsgfgsdf","person.lastName":"sggsfdgdsfg","person.phone1.num":"357-99-7687678","person.email1.emailAddress":"sgfdgfdsgdf@tttt.com","brand.id":"78","person.language":"en","person.country":"CY","pid":"Facebook Ads","utm_campaign":"EN_AE_FinancialOpp_LAL_FTD - BD","ad_id":"23844899118890121","ad_group":"23844749072180121","affiliateid":"Facebook Ads"}

 PROCESS - POST
  result: {"person.firstName":"fsgfgsdf","person.lastName":"sggsfdgdsfg","person.phone1.num":"357-99-7687678","person.email1.emailAddress":"sgfdgfdsgdf@tttt.com","brand.id":"78","person.language":"en","person.country":"CY","pid":"Facebook Ads","utm_campaign":"EN_AE_FinancialOpp_LAL_FTD - BD","ad_id":"23844899118890121","ad_group":"23844749072180121","affiliateid":"Facebook Ads"}

 PROCESS - POST
  result: {"person.firstName":"fsgfgsdf","person.lastName":"sggsfdgdsfg","person.phone1.num":"357-99-7687678","person.email1.emailAddress":"sgfdgfdsgdfssss@tttt.com","brand.id":"78","person.language":"en","person.country":"CY","pid":"Facebook Ads","utm_campaign":"EN_AE_FinancialOpp_LAL_FTD - BD","ad_id":"23844899118890121","ad_group":"23844749072180121","affiliateid":"Facebook Ads"}

 PROCESS - POST
  result: {"person.firstName":"test","person.lastName":"tet","person.phone1.num":"357-99-009900","person.email1.emailAddress":"test@test.com","brand.id":"78","person.language":"en","person.country":"CY"}

 PROCESS - POST
  result: {"person.firstName":"test","person.lastName":"tet","person.phone1.num":"357-99-009900","person.email1.emailAddress":"test2@test.com","brand.id":"78","person.language":"en","person.country":"CY"}

 PROCESS - POST
  result: {"person.firstName":"test","person.lastName":"tet","person.phone1.num":"357-99-009900","person.email1.emailAddress":"test22@test.com","brand.id":"78","person.language":"en","person.country":"CY"}