
  |  date and time: Tue Jun 30, 2020 15:04 | wrong verification token - Requested method: POST | Session: 
  |  date and time: Tue Jun 30, 2020 15:07 | wrong verification token - Requested method: POST | Session: 
  |  date and time: Tue Jun 30, 2020 15:09 | wrong verification token - Requested method: POST | Session: 
  |  date and time: Tue Jun 30, 2020 15:10 | wrong verification token - Requested method: POST | Session: 
  |  date and time: Tue Jun 30, 2020 15:11 | wrong verification token - Requested method: POST | Session: 
  |  date and time: Tue Jun 30, 2020 15:12 | wrong verification token - Requested method: POST | Session: 
  |  date and time: Tue Jun 30, 2020 15:18 | wrong verification token - Requested method: POST | Session: 
  |  date and time: Tue Jun 30, 2020 15:31 | wrong verification token - Requested method: POST | Session: 
  |  date and time: Tue Jun 30, 2020 15:36 | wrong verification token - Requested method: POST | Session: 
  |  date and time: Tue Jun 30, 2020 15:40 | wrong verification token - Requested method: POST | Session: 
  |  date and time: Tue Jun 30, 2020 15:40 | wrong verification token - Requested method: POST | Session: 
  |  date and time: Tue Jun 30, 2020 15:40 | wrong verification token - Requested method: POST | Session: 
  |  date and time: Tue Jun 30, 2020 15:44 | wrong verification token - Requested method: POST | Session: 
  |  date and time: Tue Jun 30, 2020 15:47 | wrong verification token - Requested method: POST | Session: 
  |  date and time: Tue Jun 30, 2020 15:51 | wrong verification token - Requested method: POST | Session: 
  |  date and time: Tue Jun 30, 2020 15:51 | wrong verification token - Requested method: POST | Session: 
  |  date and time: Tue Jun 30, 2020 15:52 | wrong verification token - Requested method: POST | Session: 
  |  date and time: Tue Jun 30, 2020 16:01 | wrong verification token - Requested method: POST | Session: 
  |  date and time: Tue Jun 30, 2020 16:07 | wrong verification token - Requested method: POST | Session: 
  |  date and time: Tue Jun 30, 2020 17:22 | wrong verification token - Requested method: GET | Session: 
  |  date and time: Tue Jun 30, 2020 18:33 | wrong verification token - Requested method: POST | Session: 
  |  date and time: Tue Jun 30, 2020 18:34 | wrong verification token - Requested method: POST | Session: 
  |  date and time: Tue Jun 30, 2020 18:35 | wrong verification token - Requested method: POST | Session: 
  |  date and time: Tue Jun 30, 2020 18:35 | wrong verification token - Requested method: POST | Session: 
  |  date and time: Tue Jun 30, 2020 18:41 | wrong verification token - Requested method: POST | Session: 
  |  date and time: Tue Jun 30, 2020 18:42 | wrong verification token - Requested method: POST | Session: 
  |  date and time: Tue Jun 30, 2020 18:49 | wrong verification token - Requested method: POST | Session: 
  |  date and time: Tue Jun 30, 2020 18:54 | wrong verification token - Requested method: POST | Session: 
  |  date and time: Tue Jun 30, 2020 18:57 | wrong verification token - Requested method: POST | Session: 
  |  date and time: Tue Jun 30, 2020 19:05 | wrong verification token - Requested method: POST | Session: 
  |  date and time: Tue Jun 30, 2020 19:08 | wrong verification token - Requested method: POST | Session: 
  |  date and time: Tue Jun 30, 2020 19:09 | wrong verification token - Requested method: POST | Session: 
  |  date and time: Tue Jun 30, 2020 19:20 | wrong verification token - Requested method: POST | Session: 
  |  date and time: Tue Jun 30, 2020 19:20 | wrong verification token - Requested method: POST | Session: 
  |  date and time: Tue Jun 30, 2020 19:36 | Finq Lead s:189:"s:180:"{"resultStatus":"DUPLICATE","statusCode":400,"msg":"Customer already exist","leadId":29869627,"poolName":"Sales Finq Internal Disqualified Leads","date":"2020-06-30T18:29:35.270Z"}";"; utm: 
  |  date and time: Tue Jun 30, 2020 19:41 | Finq Lead s:189:"s:180:"{"resultStatus":"DUPLICATE","statusCode":400,"msg":"Customer already exist","leadId":29869644,"poolName":"Sales Finq Internal Disqualified Leads","date":"2020-06-30T18:39:01.050Z"}";"; utm: 
  |  date and time: Tue Jun 30, 2020 20:10 | Finq Lead s:189:"s:180:"{"resultStatus":"DUPLICATE","statusCode":400,"msg":"Customer already exist","leadId":29869684,"poolName":"Sales Finq Internal Disqualified Leads","date":"2020-06-30T19:11:02.467Z"}";"; utm: 
  |  date and time: Wed Jul 01, 2020 7:04 | Finq Lead s:189:"s:180:"{"resultStatus":"DUPLICATE","statusCode":400,"msg":"Customer already exist","leadId":26597999,"poolName":"Sales Finq Internal Disqualified Leads","date":"2017-09-18T13:49:02.413Z"}";"; utm: 
  |  date and time: Wed Jul 01, 2020 7:04 | Finq Lead s:189:"s:180:"{"resultStatus":"DUPLICATE","statusCode":400,"msg":"Customer already exist","leadId":10019127,"poolName":"Sales Finq Internal Disqualified Leads","date":"2011-06-19T14:09:12.000Z"}";"; utm: 
  |  date and time: Thu Jul 02, 2020 6:22 | Finq Lead s:197:"s:188:"{"resultStatus":"DUPLICATE","statusCode":400,"msg":"Customer already exist","leadId":29873591,"poolName":"Sales Finq External BI Ocean Plus English Desk","date":"2020-07-02T05:16:29.137Z"}";"; utm: &utm_campaign=UAE Competition - LP Conversions&utm_medium=ppc&utm_source=facebook&utm_term=&utm_content=&utm_category=&ad_id=23845198933270562&ad_group=23845198933540562&gclid=
  |  date and time: Thu Jul 02, 2020 6:22 | Finq Lead s:197:"s:188:"{"resultStatus":"DUPLICATE","statusCode":400,"msg":"Customer already exist","leadId":29873591,"poolName":"Sales Finq External BI Ocean Plus English Desk","date":"2020-07-02T05:16:29.137Z"}";"; utm: &utm_campaign=UAE Competition - LP Conversions&utm_medium=ppc&utm_source=facebook&utm_term=&utm_content=&utm_category=&ad_id=23845198933270562&ad_group=23845198933540562&gclid=
  |  date and time: Thu Jul 02, 2020 7:02 | Finq Lead s:179:"s:170:"{"resultStatus":"DUPLICATE","statusCode":400,"msg":"Customer already exist","leadId":26627601,"poolName":"Retention Finq External Dead","date":"2017-09-22T11:19:23.207Z"}";"; utm: &utm_campaign=UAE Competition - LP Conversions&utm_medium=ppc&utm_source=facebook&utm_term=&utm_content=&utm_category=&ad_id=23845198933240562&ad_group=23845198933380562&gclid=
  |  date and time: Thu Jul 02, 2020 7:12 | Finq Lead s:179:"s:170:"{"resultStatus":"DUPLICATE","statusCode":400,"msg":"Customer already exist","leadId":26627601,"poolName":"Retention Finq External Dead","date":"2017-09-22T11:19:23.207Z"}";"; utm: &utm_campaign=UAE Competition - LP Conversions&utm_medium=ppc&utm_source=facebook&utm_term=&utm_content=&utm_category=&ad_id=23845198933240562&ad_group=23845198933380562&gclid=