
 date and time: Fri Mar 20, 2020 9:41 content: "{\"success\":true,\"message\":\"Auto login has been succeed, redirect has been started\",\"cookie\":\"JSESSIONID=D0B6073925AE30EBD43822AA8BDDF51F.webgw_csfqlivefe01; Max-Age=18000; Path=\/fxclient5; Secure\",\"redirectUrl\":\"https:\/\/live-cosmos.finq.com\/fxclient5\/controllers\/switching?cookie=JSESSIONID=D0B6073925AE30EBD43822AA8BDDF51F.webgw_csfqlivefe01; Max-Age=18000; Path=\/fxclient5; Secure"
 date and time: Fri Mar 20, 2020 9:46 content: "{\"success\":true,\"message\":\"Auto login has been succeed, redirect has been started\",\"cookie\":\"JSESSIONID=10DC171EC85490C06D682AC8702D310D.webgw_csfqlivefe01; Max-Age=18000; Path=\/fxclient5; Secure\",\"redirectUrl\":\"https:\/\/live-cosmos.finq.com\/fxclient5\/controllers\/switching?cookie=JSESSIONID=10DC171EC85490C06D682AC8702D310D.webgw_csfqlivefe01; Max-Age=18000; Path=\/fxclient5; Secure"
 date and time: Fri Mar 20, 2020 12:09 content: "{\"success\":true,\"message\":\"Auto login has been succeed, redirect has been started\",\"cookie\":\"JSESSIONID=30F70C974C4B5F9E9978972E6A4B23C5.webgw_csfqlivefe01; Max-Age=18000; Path=\/fxclient5; Secure\",\"redirectUrl\":\"https:\/\/live-cosmos.finq.com\/fxclient5\/controllers\/switching?cookie=JSESSIONID=30F70C974C4B5F9E9978972E6A4B23C5.webgw_csfqlivefe01; Max-Age=18000; Path=\/fxclient5; Secure"
 date and time: Fri Mar 20, 2020 12:10 content: "{\"success\":true,\"message\":\"Auto login has been succeed, redirect has been started\",\"cookie\":\"JSESSIONID=7229BF7B4B20D88C82348FD944C065F3.webgw_csfqlivefe01; Max-Age=18000; Path=\/fxclient5; Secure\",\"redirectUrl\":\"https:\/\/live-cosmos.finq.com\/fxclient5\/controllers\/switching?cookie=JSESSIONID=7229BF7B4B20D88C82348FD944C065F3.webgw_csfqlivefe01; Max-Age=18000; Path=\/fxclient5; Secure"
 date and time: Fri Mar 20, 2020 12:10 content: "{\"success\":true,\"message\":\"Auto login has been succeed, redirect has been started\",\"cookie\":\"JSESSIONID=9722201E0A4103940A071A945DC2C557.webgw_csfqlivefe01; Max-Age=18000; Path=\/fxclient5; Secure\",\"redirectUrl\":\"https:\/\/live-cosmos.finq.com\/fxclient5\/controllers\/switching?cookie=JSESSIONID=9722201E0A4103940A071A945DC2C557.webgw_csfqlivefe01; Max-Age=18000; Path=\/fxclient5; Secure"
 date and time: Wed Mar 25, 2020 14:31 content: "{\"success\":true,\"message\":\"Auto login has been succeed, redirect has been started\",\"cookie\":\"JSESSIONID=1EFD789F0684AC8AC676045BF026BFCD.webgw_csfqlivefe01; Max-Age=18000; Path=\/fxclient5; Secure\",\"redirectUrl\":\"https:\/\/live-cosmos.finq.com\/fxclient5\/controllers\/switching?cookie=JSESSIONID=1EFD789F0684AC8AC676045BF026BFCD.webgw_csfqlivefe01; Max-Age=18000; Path=\/fxclient5; Secure"
 date and time: Wed Mar 25, 2020 15:27 content: "{\"success\":false,\"message\":\"Simple login error\",\"code\":7}"
 date and time: Wed Mar 25, 2020 18:10 content: "{\"success\":true,\"message\":\"Auto login has been succeed, redirect has been started\",\"cookie\":\"JSESSIONID=A0C3F77981ABC9366215D52B35D847EC.webgw_csfqlivefe01; Max-Age=18000; Path=\/fxclient5; Secure\",\"redirectUrl\":\"https:\/\/live-cosmos.finq.com\/fxclient5\/controllers\/switching?cookie=JSESSIONID=A0C3F77981ABC9366215D52B35D847EC.webgw_csfqlivefe01; Max-Age=18000; Path=\/fxclient5; Secure"
 date and time: Thu Mar 26, 2020 10:39 content: "{\"success\":true,\"message\":\"Auto login has been succeed, redirect has been started\",\"cookie\":\"JSESSIONID=C817B035F68BCDC0EC1A23BE098C194E.webgw_csfqlivefe01; Max-Age=18000; Path=\/fxclient5; Secure\",\"redirectUrl\":\"https:\/\/live-cosmos.finq.com\/fxclient5\/controllers\/switching?cookie=JSESSIONID=C817B035F68BCDC0EC1A23BE098C194E.webgw_csfqlivefe01; Max-Age=18000; Path=\/fxclient5; Secure"
 date and time: Thu Mar 26, 2020 10:52 content: "{\"success\":true,\"message\":\"Auto login has been succeed, redirect has been started\",\"cookie\":\"JSESSIONID=5061D7A4FAFAF2901660A90788858911.webgw_csfqlivefe01; Max-Age=18000; Path=\/fxclient5; Secure\",\"redirectUrl\":\"https:\/\/live-cosmos.finq.com\/fxclient5\/controllers\/switching?cookie=JSESSIONID=5061D7A4FAFAF2901660A90788858911.webgw_csfqlivefe01; Max-Age=18000; Path=\/fxclient5; Secure"
 date and time: Thu Mar 26, 2020 10:55 content: "{\"success\":false,\"message\":\"Simple login error\",\"code\":7}"
 date and time: Thu Mar 26, 2020 10:56 content: "{\"success\":true,\"message\":\"Auto login has been succeed, redirect has been started\",\"cookie\":\"JSESSIONID=C8CBAC7AC7534B61AB753F9F29D10CF8.webgw_csfqlivefe01; Max-Age=18000; Path=\/fxclient5; Secure\",\"redirectUrl\":\"https:\/\/live-cosmos.finq.com\/fxclient5\/controllers\/switching?cookie=JSESSIONID=C8CBAC7AC7534B61AB753F9F29D10CF8.webgw_csfqlivefe01; Max-Age=18000; Path=\/fxclient5; Secure"
 date and time: Thu Mar 26, 2020 11:31 content: "{\"success\":true,\"message\":\"Auto login has been succeed, redirect has been started\",\"cookie\":\"JSESSIONID=0F8266F42AE5A5B9832015D22B2F2981.webgw_csfqlivefe01; Max-Age=18000; Path=\/fxclient5; Secure\",\"redirectUrl\":\"https:\/\/live-cosmos.finq.com\/fxclient5\/controllers\/switching?cookie=JSESSIONID=0F8266F42AE5A5B9832015D22B2F2981.webgw_csfqlivefe01; Max-Age=18000; Path=\/fxclient5; Secure"
 date and time: Thu Mar 26, 2020 11:53 content: "{\"success\":true,\"message\":\"Auto login has been succeed, redirect has been started\",\"cookie\":\"JSESSIONID=212E959DA57D97BFCC178B249A7C4999.webgw_csfqlivefe01; Max-Age=18000; Path=\/fxclient5; Secure\",\"redirectUrl\":\"https:\/\/live-cosmos.finq.com\/fxclient5\/controllers\/switching?cookie=JSESSIONID=212E959DA57D97BFCC178B249A7C4999.webgw_csfqlivefe01; Max-Age=18000; Path=\/fxclient5; Secure"
 date and time: Thu Mar 26, 2020 12:34 content: "{\"success\":true,\"message\":\"Auto login has been succeed, redirect has been started\",\"cookie\":\"JSESSIONID=6B032F6800C66F1863C6FAE7954DEFE7.webgw_csfqlivefe01; Max-Age=18000; Path=\/fxclient5; Secure\",\"redirectUrl\":\"https:\/\/live-cosmos.finq.com\/fxclient5\/controllers\/switching?cookie=JSESSIONID=6B032F6800C66F1863C6FAE7954DEFE7.webgw_csfqlivefe01; Max-Age=18000; Path=\/fxclient5; Secure"
 date and time: Thu Mar 26, 2020 12:34 content: "{\"success\":true,\"message\":\"Auto login has been succeed, redirect has been started\",\"cookie\":\"JSESSIONID=FBB886A8B3828E0B7693D341E541FD0A.webgw_csfqlivefe01; Max-Age=18000; Path=\/fxclient5; Secure\",\"redirectUrl\":\"https:\/\/live-cosmos.finq.com\/fxclient5\/controllers\/switching?cookie=JSESSIONID=FBB886A8B3828E0B7693D341E541FD0A.webgw_csfqlivefe01; Max-Age=18000; Path=\/fxclient5; Secure"
 date and time: Thu Mar 26, 2020 12:37 content: "{\"success\":true,\"message\":\"Auto login has been succeed, redirect has been started\",\"cookie\":\"JSESSIONID=642216DD70D0476C5D8027DFA985F2CB.webgw_csfqlivefe01; Max-Age=18000; Path=\/fxclient5; Secure\",\"redirectUrl\":\"https:\/\/live-cosmos.finq.com\/fxclient5\/controllers\/switching?cookie=JSESSIONID=642216DD70D0476C5D8027DFA985F2CB.webgw_csfqlivefe01; Max-Age=18000; Path=\/fxclient5; Secure"
 date and time: Thu Mar 26, 2020 12:42 content: "{\"success\":true,\"message\":\"Auto login has been succeed, redirect has been started\",\"cookie\":\"JSESSIONID=5BA4A35A66186990B2AEA15A180FC2FE.webgw_csfqlivefe01; Max-Age=18000; Path=\/fxclient5; Secure\",\"redirectUrl\":\"https:\/\/live-cosmos.finq.com\/fxclient5\/controllers\/switching?cookie=JSESSIONID=5BA4A35A66186990B2AEA15A180FC2FE.webgw_csfqlivefe01; Max-Age=18000; Path=\/fxclient5; Secure"
 date and time: Thu Mar 26, 2020 14:14 content: "{\"success\":true,\"message\":\"Auto login has been succeed, redirect has been started\",\"cookie\":\"JSESSIONID=FAF70EAEE15A14A7C39911B50DCA5226.webgw_csfqlivefe01; Max-Age=18000; Path=\/fxclient5; Secure\",\"redirectUrl\":\"https:\/\/live-cosmos.finq.com\/fxclient5\/controllers\/switching?cookie=JSESSIONID=FAF70EAEE15A14A7C39911B50DCA5226.webgw_csfqlivefe01; Max-Age=18000; Path=\/fxclient5; Secure"
 date and time: Thu May 07, 2020 21:43 content: "{\"success\":true,\"message\":\"Auto login has been succeed, redirect has been started\",\"cookie\":\"JSESSIONID=D9E688D13A475E90C8EB3913792C740E.webgw_csfqlivefe01; Max-Age=18000; Path=\/fxclient5; Secure\",\"redirectUrl\":\"https:\/\/live-cosmos.finq.com\/fxclient5\/controllers\/switching?cookie=JSESSIONID=D9E688D13A475E90C8EB3913792C740E.webgw_csfqlivefe01; Max-Age=18000; Path=\/fxclient5; Secure"
 date and time: Thu May 07, 2020 21:46 content: "{\"success\":true,\"message\":\"Auto login has been succeed, redirect has been started\",\"cookie\":\"JSESSIONID=568566E6DBFF85E299E8D4757AD46CEC.webgw_csfqlivefe01; Max-Age=18000; Path=\/fxclient5; Secure\",\"redirectUrl\":\"https:\/\/live-cosmos.finq.com\/fxclient5\/controllers\/switching?cookie=JSESSIONID=568566E6DBFF85E299E8D4757AD46CEC.webgw_csfqlivefe01; Max-Age=18000; Path=\/fxclient5; Secure"
 date and time: Fri May 08, 2020 11:40 content: "{\"success\":true,\"message\":\"Auto login has been succeed, redirect has been started\",\"cookie\":\"JSESSIONID=9F760741FF890CA834F614358D65CA1F.webgw_csfqlivefe01; Max-Age=18000; Path=\/fxclient5; Secure\",\"redirectUrl\":\"https:\/\/live-cosmos.finq.com\/fxclient5\/controllers\/switching?cookie=JSESSIONID=9F760741FF890CA834F614358D65CA1F.webgw_csfqlivefe01; Max-Age=18000; Path=\/fxclient5; Secure"
 date and time: Mon Jun 29, 2020 16:17 content: "{\"success\":false,\"message\":\"Simple login error\",\"code\":7}"
 date and time: Mon Jun 29, 2020 16:18 content: "{\"success\":true,\"message\":\"Auto login has been succeed, redirect has been started\",\"cookie\":\"JSESSIONID=365160D1D09F3ECF6D3D18B0BE2B7E02.webgw_csfqlivefe01; Max-Age=18000; Path=\/fxclient5; Secure\",\"redirectUrl\":\"https:\/\/live-cosmos.finq.com\/fxclient5\/controllers\/switching?cookie=JSESSIONID=365160D1D09F3ECF6D3D18B0BE2B7E02.webgw_csfqlivefe01; Max-Age=18000; Path=\/fxclient5; Secure"
 date and time: Mon Jun 29, 2020 16:26 content: "{\"success\":false,\"message\":\"Simple login error\",\"code\":7}"
 date and time: Mon Jun 29, 2020 16:28 content: "{\"success\":false,\"message\":\"User country is forbidden according to jurisdiction data\",\"code\":4}"
 date and time: Mon Jun 29, 2020 16:28 content: "{\"success\":false,\"message\":\"User country is forbidden according to jurisdiction data\",\"code\":4}"
 date and time: Mon Jun 29, 2020 16:28 content: "{\"success\":false,\"message\":\"User country is forbidden according to jurisdiction data\",\"code\":4}"
 date and time: Mon Jun 29, 2020 16:29 content: "{\"success\":false,\"message\":\"User country is forbidden according to jurisdiction data\",\"code\":4}"
 date and time: Mon Jun 29, 2020 16:29 content: "{\"success\":false,\"message\":\"User country is forbidden according to jurisdiction data\",\"code\":4}"
 date and time: Mon Jun 29, 2020 16:31 content: "{\"success\":false,\"message\":\"Simple login error\",\"code\":7}"
 date and time: Mon Jun 29, 2020 16:32 content: "{\"success\":true,\"message\":\"Auto login has been succeed, redirect has been started\",\"cookie\":\"JSESSIONID=8B6B8E846FB478D29543D3D875F026BA.webgw_csfqlivefe01; Max-Age=18000; Path=\/fxclient5; Secure\",\"redirectUrl\":\"https:\/\/live-cosmos.finq.com\/fxclient5\/controllers\/switching?cookie=JSESSIONID=8B6B8E846FB478D29543D3D875F026BA.webgw_csfqlivefe01; Max-Age=18000; Path=\/fxclient5; Secure"
 date and time: Mon Jun 29, 2020 16:36 content: "{\"success\":false,\"message\":\"User country is forbidden according to jurisdiction data\",\"code\":4}"
 date and time: Mon Jun 29, 2020 16:41 content: "{\"success\":false,\"message\":\"User country is forbidden according to jurisdiction data\",\"code\":4}"
 date and time: Mon Jun 29, 2020 16:43 content: "{\"success\":true,\"message\":\"Auto login has been succeed, redirect has been started\",\"cookie\":\"JSESSIONID=66A53EF88BF09BE74FBDFB7F453C1858.webgw_csfqlivefe01; Max-Age=18000; Path=\/fxclient5; Secure\",\"redirectUrl\":\"https:\/\/live-cosmos.finq.com\/fxclient5\/controllers\/switching?cookie=JSESSIONID=66A53EF88BF09BE74FBDFB7F453C1858.webgw_csfqlivefe01; Max-Age=18000; Path=\/fxclient5; Secure"
 date and time: Wed Jul 01, 2020 16:07 content: "{\"success\":true,\"message\":\"Auto login has been succeed, redirect has been started\",\"cookie\":\"JSESSIONID=781DD6953E0CC4A3FD5C0EFA5BBB80E9.webgw_csfqlivefe01; Max-Age=18000; Path=\/fxclient5; Secure\",\"redirectUrl\":\"https:\/\/live-cosmos.finq.com\/fxclient5\/controllers\/switching?cookie=JSESSIONID=781DD6953E0CC4A3FD5C0EFA5BBB80E9.webgw_csfqlivefe01; Max-Age=18000; Path=\/fxclient5; Secure"
 date and time: Wed Jul 01, 2020 16:11 content: "{\"success\":true,\"message\":\"Auto login has been succeed, redirect has been started\",\"cookie\":\"JSESSIONID=D969EA3996C7C5240A0AC7E75F19EB5A.webgw_csfqlivefe01; Max-Age=18000; Path=\/fxclient5; Secure\",\"redirectUrl\":\"https:\/\/live-cosmos.finq.com\/fxclient5\/controllers\/switching?cookie=JSESSIONID=D969EA3996C7C5240A0AC7E75F19EB5A.webgw_csfqlivefe01; Max-Age=18000; Path=\/fxclient5; Secure"
 date and time: Wed Jul 01, 2020 16:15 content: "{\"success\":false,\"message\":\"Simple login error\",\"code\":7}"
 date and time: Wed Jul 01, 2020 16:23 content: "{\"success\":false,\"message\":\"Simple login error\",\"code\":7}"
 date and time: Wed Jul 01, 2020 16:30 content: "{\"success\":false,\"message\":\"Simple login error\",\"code\":7}"
 date and time: Wed Jul 01, 2020 16:34 content: "{\"success\":false,\"message\":\"Simple login error\",\"code\":7}"
 date and time: Wed Jul 01, 2020 16:43 content: "{\"message\":\"Account already exists\",\"code\":7}"
 date and time: Wed Jul 01, 2020 17:10 content: "{\"message\":\"Account already exists\",\"code\":7}"
 date and time: Wed Jul 01, 2020 17:13 content: "{\"message\":\"Account already exists\",\"code\":7}"
 date and time: Wed Jul 01, 2020 17:24 content: "{\"message\":\"Account already exists\",\"code\":7}"
 date and time: Wed Jul 01, 2020 17:24 content: "{\"message\":\"Account already exists\",\"code\":7}"
 date and time: Mon Jul 13, 2020 17:22 content: "{\"success\":true,\"message\":\"Auto login has been succeed, redirect has been started\",\"cookie\":\"JSESSIONID=C31D21E5D26CB2C2832770D47F7EAD19.webgw_csfqlivefe01; Max-Age=18000; Path=\/fxclient5; Secure\",\"redirectUrl\":\"https:\/\/live-cosmos.finq.com\/fxclient5\/controllers\/switching?cookie=JSESSIONID=C31D21E5D26CB2C2832770D47F7EAD19.webgw_csfqlivefe01; Max-Age=18000; Path=\/fxclient5; Secure"
 date and time: Tue Jul 14, 2020 9:36 content: "{\"message\":\"User country is forbidden according to jurisdiction data\",\"code\":7}"
 date and time: Tue Jul 14, 2020 9:40 content: "{\"message\":\"User country is forbidden according to jurisdiction data\",\"code\":7}"
 date and time: Tue Jul 14, 2020 9:57 content: "{\"message\":\"User country is forbidden according to jurisdiction data\",\"code\":7}"
 date and time: Tue Jul 14, 2020 10:01 content: "{\"message\":\"User country is forbidden according to jurisdiction data\",\"code\":7}"
 date and time: Tue Jul 14, 2020 10:10 content: "{\"message\":\"User country is forbidden according to jurisdiction data\",\"code\":7}"
 date and time: Tue Jul 14, 2020 10:11 content: "{\"message\":\"User country is forbidden according to jurisdiction data\",\"code\":7}"
 date and time: Tue Jul 14, 2020 10:12 content: "{\"message\":\"User country is forbidden according to jurisdiction data\",\"code\":7}"
 date and time: Tue Jul 14, 2020 10:12 content: "{\"message\":\"User country is forbidden according to jurisdiction data\",\"code\":7}"
 date and time: Tue Jul 14, 2020 10:13 content: "{\"message\":\"User country is forbidden according to jurisdiction data\",\"code\":7}"
 date and time: Tue Jul 14, 2020 10:18 content: "{\"message\":\"User country is forbidden according to jurisdiction data\",\"code\":7}"
 date and time: Tue Jul 14, 2020 10:29 content: "{\"message\":\"User country is forbidden according to jurisdiction data\",\"code\":7}"
 date and time: Tue Jul 14, 2020 10:30 content: "{\"message\":\"User country is forbidden according to jurisdiction data\",\"code\":7}"
 date and time: Tue Jul 14, 2020 10:31 content: "{\"message\":\"User country is forbidden according to jurisdiction data\",\"code\":7}"
 date and time: Tue Jul 14, 2020 10:32 content: "{\"message\":\"User country is forbidden according to jurisdiction data\",\"code\":7}"
 date and time: Tue Jul 14, 2020 10:32 content: "{\"message\":\"User country is forbidden according to jurisdiction data\",\"code\":7}"
 date and time: Tue Jul 14, 2020 10:32 content: "{\"message\":\"User country is forbidden according to jurisdiction data\",\"code\":7}"
 date and time: Tue Jul 14, 2020 10:33 content: "{\"message\":\"User country is forbidden according to jurisdiction data\",\"code\":7}"
 date and time: Tue Jul 14, 2020 10:33 content: "{\"message\":\"User country is forbidden according to jurisdiction data\",\"code\":7}"
 date and time: Tue Jul 14, 2020 10:33 content: "{\"message\":\"User country is forbidden according to jurisdiction data\",\"code\":7}"
 date and time: Tue Jul 14, 2020 10:33 content: "{\"message\":\"User country is forbidden according to jurisdiction data\",\"code\":7}"
 date and time: Tue Jul 14, 2020 10:34 content: "{\"message\":\"User country is forbidden according to jurisdiction data\",\"code\":7}"
 date and time: Tue Jul 14, 2020 10:34 content: "{\"message\":\"User country is forbidden according to jurisdiction data\",\"code\":7}"
 date and time: Tue Jul 14, 2020 10:34 content: "{\"message\":\"User country is forbidden according to jurisdiction data\",\"code\":7}"
 date and time: Tue Jul 14, 2020 10:34 content: "{\"message\":\"Too many requests\",\"code\":7}"
 date and time: Tue Jul 14, 2020 10:34 content: "{\"message\":\"Too many requests\",\"code\":7}"
 date and time: Tue Jul 14, 2020 10:35 content: "{\"message\":\"User country is forbidden according to jurisdiction data\",\"code\":7}"
 date and time: Tue Jul 14, 2020 10:35 content: "{\"message\":\"User country is forbidden according to jurisdiction data\",\"code\":7}"
 date and time: Tue Jul 14, 2020 10:36 content: "{\"message\":\"User country is forbidden according to jurisdiction data\",\"code\":7}"
 date and time: Tue Jul 14, 2020 10:36 content: "{\"message\":\"User country is forbidden according to jurisdiction data\",\"code\":7}"
 date and time: Tue Jul 14, 2020 10:37 content: "{\"message\":\"User country is forbidden according to jurisdiction data\",\"code\":7}"
 date and time: Tue Jul 14, 2020 10:39 content: "{\"message\":\"User country is forbidden according to jurisdiction data\",\"code\":7}"
 date and time: Tue Jul 14, 2020 10:39 content: "{\"message\":\"User country is forbidden according to jurisdiction data\",\"code\":7}"
 date and time: Tue Jul 14, 2020 10:40 content: "{\"message\":\"User country is forbidden according to jurisdiction data\",\"code\":7}"
 date and time: Tue Jul 14, 2020 10:44 content: "{\"success\":true,\"message\":\"Auto login has been succeed, redirect has been started\",\"cookie\":\"JSESSIONID=28F5D5720B3011A26F6C555143C1B4CF.webgw_csfqlivefe01; Max-Age=18000; Path=\/fxclient5; Secure\",\"redirectUrl\":\"https:\/\/live-cosmos.finq.com\/fxclient5\/controllers\/switching?cookie=JSESSIONID=28F5D5720B3011A26F6C555143C1B4CF.webgw_csfqlivefe01; Max-Age=18000; Path=\/fxclient5; Secure"
 date and time: Tue Jul 14, 2020 10:52 content: "{\"message\":\"User country is forbidden according to jurisdiction data\",\"code\":7}"
 date and time: Tue Jul 14, 2020 10:52 content: "{\"message\":\"User country is forbidden according to jurisdiction data\",\"code\":7}"
 date and time: Tue Jul 14, 2020 10:54 content: "{\"message\":\"User country is forbidden according to jurisdiction data\",\"code\":7}"
 date and time: Tue Jul 14, 2020 10:55 content: "{\"message\":\"User country is forbidden according to jurisdiction data\",\"code\":7}"
 date and time: Tue Jul 14, 2020 10:55 content: null
 date and time: Tue Jul 14, 2020 10:56 content: "{\"message\":\"User country is forbidden according to jurisdiction data\",\"code\":7}"
 date and time: Tue Jul 14, 2020 10:56 content: "{\"message\":\"User country is forbidden according to jurisdiction data\",\"code\":7}"
 date and time: Tue Jul 14, 2020 10:56 content: "{\"message\":\"User country is forbidden according to jurisdiction data\",\"code\":7}"
 date and time: Tue Jul 14, 2020 10:56 content: "{\"message\":\"User country is forbidden according to jurisdiction data\",\"code\":7}"
 date and time: Tue Jul 14, 2020 10:57 content: "{\"message\":\"User country is forbidden according to jurisdiction data\",\"code\":7}"
 date and time: Tue Jul 14, 2020 10:59 content: "{\"message\":\"User country is forbidden according to jurisdiction data\",\"code\":7}"
 date and time: Tue Jul 14, 2020 11:00 content: "{\"message\":\"User country is forbidden according to jurisdiction data\",\"code\":7}"
 date and time: Tue Jul 14, 2020 11:01 content: "{\"message\":\"User country is forbidden according to jurisdiction data\",\"code\":7}"
 date and time: Tue Jul 14, 2020 11:14 content: "{\"message\":\"User country is forbidden according to jurisdiction data\",\"code\":7}"
 date and time: Tue Jul 14, 2020 11:15 content: "{\"message\":\"User country is forbidden according to jurisdiction data\",\"code\":7}"
 date and time: Tue Jul 14, 2020 11:16 content: "{\"success\":true,\"message\":\"Auto login has been succeed, redirect has been started\",\"cookie\":\"JSESSIONID=77E4F8765EF4C10801CDA288DECD4C51.webgw_csfqlivefe01; Max-Age=18000; Path=\/fxclient5; Secure\",\"redirectUrl\":\"https:\/\/live-cosmos.finq.com\/fxclient5\/controllers\/switching?cookie=JSESSIONID=77E4F8765EF4C10801CDA288DECD4C51.webgw_csfqlivefe01; Max-Age=18000; Path=\/fxclient5; Secure"
 date and time: Tue Jul 14, 2020 11:17 content: "{\"message\":\"User country is forbidden according to jurisdiction data\",\"code\":7}"
 date and time: Tue Jul 14, 2020 11:31 content: "{\"message\":\"User country is forbidden according to jurisdiction data\",\"code\":7}"
 date and time: Tue Jul 14, 2020 11:32 content: "{\"message\":\"User country is forbidden according to jurisdiction data\",\"code\":7}"
 date and time: Tue Jul 14, 2020 11:32 content: "{\"message\":\"User country is forbidden according to jurisdiction data\",\"code\":7}"
 date and time: Tue Jul 14, 2020 11:36 content: "{\"message\":\"User country is forbidden according to jurisdiction data\",\"code\":7}"
 date and time: Tue Jul 14, 2020 11:50 content: "{\"success\":true,\"message\":\"Auto login has been succeed, redirect has been started\",\"cookie\":\"JSESSIONID=59BECC2BD9A218A5D8E5A6346D5BCDB1.webgw_csfqlivefe01; Max-Age=18000; Path=\/fxclient5; Secure\",\"redirectUrl\":\"https:\/\/live-cosmos.finq.com\/fxclient5\/controllers\/switching?cookie=JSESSIONID=59BECC2BD9A218A5D8E5A6346D5BCDB1.webgw_csfqlivefe01; Max-Age=18000; Path=\/fxclient5; Secure"
 date and time: Tue Jul 14, 2020 11:54 content: "{\"success\":true,\"message\":\"Auto login has been succeed, redirect has been started\",\"cookie\":\"JSESSIONID=500C7FA972EDD9891FE96C35152309BF.webgw_csfqlivefe01; Max-Age=18000; Path=\/fxclient5; Secure\",\"redirectUrl\":\"https:\/\/live-cosmos.finq.com\/fxclient5\/controllers\/switching?cookie=JSESSIONID=500C7FA972EDD9891FE96C35152309BF.webgw_csfqlivefe01; Max-Age=18000; Path=\/fxclient5; Secure"
 date and time: Tue Jul 14, 2020 12:07 content: "{\"success\":true,\"message\":\"Auto login has been succeed, redirect has been started\",\"cookie\":\"JSESSIONID=CE72C7489BA19BFD97DFF68E6A554692.webgw_csfqlivefe01; Max-Age=18000; Path=\/fxclient5; Secure\",\"redirectUrl\":\"https:\/\/live-cosmos.finq.com\/fxclient5\/controllers\/switching?cookie=JSESSIONID=CE72C7489BA19BFD97DFF68E6A554692.webgw_csfqlivefe01; Max-Age=18000; Path=\/fxclient5; Secure"
 date and time: Tue Jul 14, 2020 12:17 content: "{\"message\":\"User country is forbidden according to jurisdiction data\",\"code\":7}"
 date and time: Tue Jul 14, 2020 12:18 content: "{\"success\":true,\"message\":\"Auto login has been succeed, redirect has been started\",\"cookie\":\"JSESSIONID=CAE8CAE465318BC236E32C0597618153.webgw_csfqlivefe01; Max-Age=18000; Path=\/fxclient5; Secure\",\"redirectUrl\":\"https:\/\/live-cosmos.finq.com\/fxclient5\/controllers\/switching?cookie=JSESSIONID=CAE8CAE465318BC236E32C0597618153.webgw_csfqlivefe01; Max-Age=18000; Path=\/fxclient5; Secure"
 date and time: Tue Jul 14, 2020 12:19 content: "{\"message\":\"User country is forbidden according to jurisdiction data\",\"code\":7}"
 date and time: Tue Jul 14, 2020 12:19 content: "{\"message\":\"User country is forbidden according to jurisdiction data\",\"code\":7}"
 date and time: Tue Jul 14, 2020 12:22 content: "{\"success\":true,\"message\":\"Auto login has been succeed, redirect has been started\",\"cookie\":\"JSESSIONID=C262C285BBCDA69F437D98ABF3809E48.webgw_csfqlivefe01; Max-Age=18000; Path=\/fxclient5; Secure\",\"redirectUrl\":\"https:\/\/live-cosmos.finq.com\/fxclient5\/controllers\/switching?cookie=JSESSIONID=C262C285BBCDA69F437D98ABF3809E48.webgw_csfqlivefe01; Max-Age=18000; Path=\/fxclient5; Secure"
 date and time: Tue Jul 14, 2020 12:26 content: "{\"message\":\"User country is forbidden according to jurisdiction data\",\"code\":7}"
 date and time: Tue Jul 14, 2020 12:27 content: "{\"message\":\"User country is forbidden according to jurisdiction data\",\"code\":7}"
 date and time: Tue Jul 14, 2020 12:28 content: "{\"message\":\"User country is forbidden according to jurisdiction data\",\"code\":7}"
 date and time: Tue Jul 14, 2020 12:29 content: "{\"message\":\"User country is forbidden according to jurisdiction data\",\"code\":7}"
 date and time: Tue Jul 14, 2020 12:29 content: "{\"message\":\"User country is forbidden according to jurisdiction data\",\"code\":7}"
 date and time: Tue Jul 14, 2020 12:30 content: "{\"message\":\"User country is forbidden according to jurisdiction data\",\"code\":7}"
 date and time: Tue Jul 14, 2020 12:30 content: "{\"message\":\"User country is forbidden according to jurisdiction data\",\"code\":7}"
 date and time: Tue Jul 14, 2020 12:31 content: "{\"message\":\"User country is forbidden according to jurisdiction data\",\"code\":7}"
 date and time: Tue Jul 14, 2020 12:35 content: "{\"message\":\"User country is forbidden according to jurisdiction data\",\"code\":7}"
 date and time: Tue Jul 14, 2020 12:38 content: "{\"message\":\"User country is forbidden according to jurisdiction data\",\"code\":7}"
 date and time: Tue Jul 14, 2020 12:38 content: "{\"message\":\"User country is forbidden according to jurisdiction data\",\"code\":7}"
 date and time: Tue Jul 14, 2020 12:38 content: "{\"message\":\"User country is forbidden according to jurisdiction data\",\"code\":7}"
 date and time: Tue Jul 14, 2020 12:41 content: "{\"message\":\"User country is forbidden according to jurisdiction data\",\"code\":7}"
 date and time: Tue Jul 14, 2020 12:41 content: "{\"message\":\"User country is forbidden according to jurisdiction data\",\"code\":7}"
 date and time: Tue Jul 14, 2020 12:43 content: "{\"message\":\"User country is forbidden according to jurisdiction data\",\"code\":7}"
 date and time: Tue Jul 14, 2020 12:45 content: "{\"message\":\"User country is forbidden according to jurisdiction data\",\"code\":7}"
 date and time: Tue Jul 14, 2020 12:47 content: "{\"message\":\"User country is forbidden according to jurisdiction data\",\"code\":7}"
 date and time: Tue Jul 14, 2020 12:48 content: "{\"message\":\"User country is forbidden according to jurisdiction data\",\"code\":7}"
 date and time: Tue Jul 14, 2020 12:51 content: "{\"message\":\"User country is forbidden according to jurisdiction data\",\"code\":7}"
 date and time: Tue Jul 14, 2020 12:51 content: "{\"message\":\"User country is forbidden according to jurisdiction data\",\"code\":7}"
 date and time: Tue Jul 14, 2020 12:51 content: "{\"message\":\"User country is forbidden according to jurisdiction data\",\"code\":7}"
 date and time: Tue Jul 14, 2020 12:52 content: "{\"message\":\"User country is forbidden according to jurisdiction data\",\"code\":7}"
 date and time: Tue Jul 14, 2020 12:53 content: "{\"message\":\"User country is forbidden according to jurisdiction data\",\"code\":7}"
 date and time: Tue Jul 14, 2020 12:55 content: "{\"message\":\"User country is forbidden according to jurisdiction data\",\"code\":7}"
 date and time: Tue Jul 14, 2020 12:56 content: "{\"message\":\"User country is forbidden according to jurisdiction data\",\"code\":7}"
 date and time: Tue Jul 14, 2020 12:56 content: "{\"message\":\"User country is forbidden according to jurisdiction data\",\"code\":7}"
 date and time: Tue Jul 14, 2020 12:56 content: "{\"message\":\"User country is forbidden according to jurisdiction data\",\"code\":7}"
 date and time: Tue Jul 14, 2020 12:56 content: "{\"message\":\"User country is forbidden according to jurisdiction data\",\"code\":7}"
 date and time: Tue Jul 14, 2020 12:56 content: "{\"message\":\"User country is forbidden according to jurisdiction data\",\"code\":7}"
 date and time: Tue Jul 14, 2020 12:56 content: "{\"message\":\"User country is forbidden according to jurisdiction data\",\"code\":7}"
 date and time: Tue Jul 14, 2020 12:56 content: "{\"message\":\"User country is forbidden according to jurisdiction data\",\"code\":7}"
 date and time: Tue Jul 14, 2020 12:56 content: "{\"message\":\"User country is forbidden according to jurisdiction data\",\"code\":7}"
 date and time: Tue Jul 14, 2020 12:56 content: "{\"success\":true,\"message\":\"Auto login has been succeed, redirect has been started\",\"cookie\":\"JSESSIONID=418F4D59F8AC3304FD04F35336975A86.webgw_csfqlivefe01; Max-Age=18000; Path=\/fxclient5; Secure\",\"redirectUrl\":\"https:\/\/live-cosmos.finq.com\/fxclient5\/controllers\/switching?cookie=JSESSIONID=418F4D59F8AC3304FD04F35336975A86.webgw_csfqlivefe01; Max-Age=18000; Path=\/fxclient5; Secure"
 date and time: Tue Jul 14, 2020 12:57 content: "{\"message\":\"User country is forbidden according to jurisdiction data\",\"code\":7}"
 date and time: Tue Jul 14, 2020 12:58 content: "{\"message\":\"User country is forbidden according to jurisdiction data\",\"code\":7}"
 date and time: Tue Jul 14, 2020 13:01 content: "{\"message\":\"User country is forbidden according to jurisdiction data\",\"code\":7}"
 date and time: Tue Jul 14, 2020 13:01 content: "{\"message\":\"User country is forbidden according to jurisdiction data\",\"code\":7}"
 date and time: Tue Jul 14, 2020 13:03 content: "{\"message\":\"User country is forbidden according to jurisdiction data\",\"code\":7}"
 date and time: Tue Jul 14, 2020 13:08 content: "{\"message\":\"User country is forbidden according to jurisdiction data\",\"code\":7}"
 date and time: Tue Jul 14, 2020 13:13 content: "{\"message\":\"User country is forbidden according to jurisdiction data\",\"code\":7}"
 date and time: Tue Jul 14, 2020 13:13 content: "{\"message\":\"User country is forbidden according to jurisdiction data\",\"code\":7}"
 date and time: Tue Jul 14, 2020 13:14 content: "{\"message\":\"User country is forbidden according to jurisdiction data\",\"code\":7}"
 date and time: Tue Jul 14, 2020 13:15 content: "{\"success\":true,\"message\":\"Auto login has been succeed, redirect has been started\",\"cookie\":\"JSESSIONID=80BB80E3A3542DF1B29C341499B04D24.webgw_csfqlivefe01; Max-Age=18000; Path=\/fxclient5; Secure\",\"redirectUrl\":\"https:\/\/live-cosmos.finq.com\/fxclient5\/controllers\/switching?cookie=JSESSIONID=80BB80E3A3542DF1B29C341499B04D24.webgw_csfqlivefe01; Max-Age=18000; Path=\/fxclient5; Secure"
 date and time: Tue Jul 14, 2020 13:17 content: "{\"success\":true,\"message\":\"Auto login has been succeed, redirect has been started\",\"cookie\":\"JSESSIONID=A1B73266147DDA353A7AF61253540283.webgw_csfqlivefe01; Max-Age=18000; Path=\/fxclient5; Secure\",\"redirectUrl\":\"https:\/\/live-cosmos.finq.com\/fxclient5\/controllers\/switching?cookie=JSESSIONID=A1B73266147DDA353A7AF61253540283.webgw_csfqlivefe01; Max-Age=18000; Path=\/fxclient5; Secure"
 date and time: Tue Jul 14, 2020 14:44 content: "{\"message\":\"User country is forbidden according to jurisdiction data\",\"code\":7}"
 date and time: Tue Jul 14, 2020 15:45 content: "{\"message\":\"User country is forbidden according to jurisdiction data\",\"code\":7}"
 date and time: Tue Jul 14, 2020 15:47 content: "{\"message\":\"User country is forbidden according to jurisdiction data\",\"code\":7}"
 date and time: Tue Jul 14, 2020 17:09 content: "{\"message\":\"User country is forbidden according to jurisdiction data\",\"code\":7}"
 date and time: Tue Jul 14, 2020 17:09 content: "{\"message\":\"User country is forbidden according to jurisdiction data\",\"code\":7}"
 date and time: Tue Jul 14, 2020 17:29 content: "{\"success\":true,\"message\":\"Auto login has been succeed, redirect has been started\",\"cookie\":\"JSESSIONID=90210EF7EE65E086CC3CB0FED9E6FBCD.webgw_csfqlivefe01; Max-Age=18000; Path=\/fxclient5; Secure\",\"redirectUrl\":\"https:\/\/live-cosmos.finq.com\/fxclient5\/controllers\/switching?cookie=JSESSIONID=90210EF7EE65E086CC3CB0FED9E6FBCD.webgw_csfqlivefe01; Max-Age=18000; Path=\/fxclient5; Secure"
 date and time: Tue Jul 14, 2020 17:36 content: "{\"message\":\"User country is forbidden according to jurisdiction data\",\"code\":7}"
 date and time: Tue Jul 14, 2020 17:37 content: "{\"message\":\"User country is forbidden according to jurisdiction data\",\"code\":7}"
 date and time: Tue Jul 14, 2020 17:37 content: "{\"message\":\"User country is forbidden according to jurisdiction data\",\"code\":7}"
 date and time: Tue Jul 14, 2020 17:37 content: "{\"message\":\"User country is forbidden according to jurisdiction data\",\"code\":7}"
 date and time: Tue Jul 14, 2020 17:37 content: "{\"message\":\"User country is forbidden according to jurisdiction data\",\"code\":7}"
 date and time: Tue Jul 14, 2020 17:37 content: "{\"message\":\"User country is forbidden according to jurisdiction data\",\"code\":7}"
 date and time: Tue Jul 14, 2020 17:37 content: "{\"message\":\"User country is forbidden according to jurisdiction data\",\"code\":7}"
 date and time: Tue Jul 14, 2020 17:37 content: "{\"message\":\"User country is forbidden according to jurisdiction data\",\"code\":7}"
 date and time: Tue Jul 14, 2020 17:37 content: "{\"message\":\"User country is forbidden according to jurisdiction data\",\"code\":7}"
 date and time: Tue Jul 14, 2020 17:37 content: "{\"message\":\"User country is forbidden according to jurisdiction data\",\"code\":7}"
 date and time: Tue Jul 14, 2020 17:37 content: "{\"message\":\"Too many requests\",\"code\":7}"
 date and time: Tue Jul 14, 2020 17:43 content: "{\"message\":\"User country is forbidden according to jurisdiction data\",\"code\":7}"
 date and time: Tue Jul 14, 2020 17:51 content: "{\"message\":\"User country is forbidden according to jurisdiction data\",\"code\":7}"
 date and time: Tue Jul 14, 2020 17:52 content: "{\"message\":\"User country is forbidden according to jurisdiction data\",\"code\":7}"
 date and time: Tue Jul 14, 2020 17:52 content: "{\"message\":\"User country is forbidden according to jurisdiction data\",\"code\":7}"
 date and time: Tue Jul 14, 2020 17:54 content: "{\"message\":\"User country is forbidden according to jurisdiction data\",\"code\":7}"
 date and time: Tue Jul 14, 2020 17:54 content: "{\"message\":\"User country is forbidden according to jurisdiction data\",\"code\":7}"
 date and time: Tue Jul 14, 2020 17:58 content: "{\"message\":\"User country is forbidden according to jurisdiction data\",\"code\":7}"
 date and time: Tue Jul 14, 2020 17:59 content: "{\"message\":\"User country is forbidden according to jurisdiction data\",\"code\":7}"
 date and time: Tue Jul 14, 2020 18:01 content: "{\"message\":\"User country is forbidden according to jurisdiction data\",\"code\":7}"
 date and time: Tue Jul 14, 2020 18:02 content: "{\"message\":\"User country is forbidden according to jurisdiction data\",\"code\":7}"
 date and time: Tue Jul 14, 2020 18:03 content: "{\"message\":\"User country is forbidden according to jurisdiction data\",\"code\":7}"
 date and time: Tue Jul 14, 2020 18:03 content: "{\"message\":\"User country is forbidden according to jurisdiction data\",\"code\":7}"
 date and time: Tue Jul 14, 2020 18:07 content: "{\"message\":\"User country is forbidden according to jurisdiction data\",\"code\":7}"
 date and time: Tue Jul 14, 2020 18:09 content: "{\"message\":\"User country is forbidden according to jurisdiction data\",\"code\":7}"
 date and time: Tue Jul 14, 2020 18:10 content: "{\"message\":\"User country is forbidden according to jurisdiction data\",\"code\":7}"
 date and time: Tue Jul 14, 2020 18:11 content: "{\"message\":\"User country is forbidden according to jurisdiction data\",\"code\":7}"
 date and time: Tue Jul 14, 2020 18:11 content: "{\"message\":\"User country is forbidden according to jurisdiction data\",\"code\":7}"
 date and time: Tue Jul 14, 2020 18:21 content: "{\"success\":true,\"message\":\"Auto login has been succeed, redirect has been started\",\"cookie\":\"JSESSIONID=AED375BA67A8F21019AB88A07F1C931D.webgw_csfqlivefe01; Max-Age=18000; Path=\/fxclient5; Secure\",\"redirectUrl\":\"https:\/\/live-cosmos.finq.com\/fxclient5\/controllers\/switching?cookie=JSESSIONID=AED375BA67A8F21019AB88A07F1C931D.webgw_csfqlivefe01; Max-Age=18000; Path=\/fxclient5; Secure"
 date and time: Tue Jul 14, 2020 18:25 content: "{\"message\":\"User country is forbidden according to jurisdiction data\",\"code\":7}"
 date and time: Tue Jul 14, 2020 18:26 content: "{\"message\":\"User country is forbidden according to jurisdiction data\",\"code\":7}"
 date and time: Tue Jul 14, 2020 18:27 content: "{\"message\":\"User country is forbidden according to jurisdiction data\",\"code\":7}"
 date and time: Wed Jul 15, 2020 3:33 content: "{\"message\":\"User country is forbidden according to jurisdiction data\",\"code\":7}"
 date and time: Wed Jul 15, 2020 6:19 content: "{\"message\":\"User country is forbidden according to jurisdiction data\",\"code\":7}"
 date and time: Wed Jul 15, 2020 9:20 content: "{\"message\":\"User country is forbidden according to jurisdiction data\",\"code\":7}"
 date and time: Wed Jul 15, 2020 9:21 content: "{\"message\":\"User country is forbidden according to jurisdiction data\",\"code\":7}"
 date and time: Wed Jul 15, 2020 9:41 content: "{\"message\":\"User country is forbidden according to jurisdiction data\",\"code\":7}"
 date and time: Wed Jul 15, 2020 9:41 content: "{\"message\":\"User country is forbidden according to jurisdiction data\",\"code\":7}"
 date and time: Wed Jul 15, 2020 9:42 content: "{\"message\":\"User country is forbidden according to jurisdiction data\",\"code\":7}"
 date and time: Wed Jul 15, 2020 9:53 content: "{\"message\":\"User country is forbidden according to jurisdiction data\",\"code\":7}"
 date and time: Wed Jul 15, 2020 9:57 content: "{\"message\":\"User country is forbidden according to jurisdiction data\",\"code\":7}"
 date and time: Wed Jul 15, 2020 9:57 content: "{\"message\":\"User country is forbidden according to jurisdiction data\",\"code\":7}"
 date and time: Wed Jul 15, 2020 10:00 content: "{\"message\":\"User country is forbidden according to jurisdiction data\",\"code\":7}"
 date and time: Wed Jul 15, 2020 10:05 content: "{\"message\":\"User country is forbidden according to jurisdiction data\",\"code\":7}"
 date and time: Wed Jul 15, 2020 10:09 content: "{\"message\":\"User country is forbidden according to jurisdiction data\",\"code\":7}"
 date and time: Wed Jul 15, 2020 10:21 content: "{\"message\":\"User country is forbidden according to jurisdiction data\",\"code\":7}"
 date and time: Wed Jul 15, 2020 10:22 content: "{\"success\":true,\"message\":\"Auto login has been succeed, redirect has been started\",\"cookie\":\"JSESSIONID=2F2733840BDA62AFEEE4FE7F98958263.webgw_csfqlivefe01; Max-Age=18000; Path=\/fxclient5; Secure\",\"redirectUrl\":\"https:\/\/live-cosmos.finq.com\/fxclient5\/controllers\/switching?cookie=JSESSIONID=2F2733840BDA62AFEEE4FE7F98958263.webgw_csfqlivefe01; Max-Age=18000; Path=\/fxclient5; Secure"
 date and time: Wed Jul 15, 2020 10:26 content: "{\"message\":\"User country is forbidden according to jurisdiction data\",\"code\":7}"
 date and time: Wed Jul 15, 2020 10:26 content: "{\"message\":\"User country is forbidden according to jurisdiction data\",\"code\":7}"
 date and time: Wed Jul 15, 2020 10:26 content: "{\"message\":\"User country is forbidden according to jurisdiction data\",\"code\":7}"
 date and time: Wed Jul 15, 2020 10:26 content: "{\"message\":\"User country is forbidden according to jurisdiction data\",\"code\":7}"
 date and time: Wed Jul 15, 2020 10:26 content: "{\"message\":\"User country is forbidden according to jurisdiction data\",\"code\":7}"
 date and time: Wed Jul 15, 2020 10:26 content: "{\"message\":\"User country is forbidden according to jurisdiction data\",\"code\":7}"
 date and time: Wed Jul 15, 2020 10:26 content: "{\"message\":\"User country is forbidden according to jurisdiction data\",\"code\":7}"
 date and time: Wed Jul 15, 2020 11:04 content: "{\"message\":\"User country is forbidden according to jurisdiction data\",\"code\":7}"
 date and time: Wed Jul 15, 2020 11:04 content: "{\"message\":\"User country is forbidden according to jurisdiction data\",\"code\":7}"
 date and time: Wed Jul 15, 2020 11:05 content: "{\"message\":\"User country is forbidden according to jurisdiction data\",\"code\":7}"
 date and time: Wed Jul 15, 2020 11:06 content: "{\"message\":\"User country is forbidden according to jurisdiction data\",\"code\":7}"
 date and time: Wed Jul 15, 2020 11:10 content: "{\"message\":\"User country is forbidden according to jurisdiction data\",\"code\":7}"
 date and time: Wed Jul 15, 2020 11:10 content: "{\"message\":\"User country is forbidden according to jurisdiction data\",\"code\":7}"
 date and time: Wed Jul 15, 2020 11:11 content: "{\"message\":\"User country is forbidden according to jurisdiction data\",\"code\":7}"
 date and time: Wed Jul 15, 2020 11:11 content: "{\"message\":\"User country is forbidden according to jurisdiction data\",\"code\":7}"
 date and time: Wed Jul 15, 2020 11:13 content: "{\"message\":\"User country is forbidden according to jurisdiction data\",\"code\":7}"
 date and time: Wed Jul 15, 2020 12:00 content: "{\"message\":\"User country is forbidden according to jurisdiction data\",\"code\":7}"
 date and time: Wed Jul 15, 2020 12:01 content: "{\"message\":\"User country is forbidden according to jurisdiction data\",\"code\":7}"
 date and time: Wed Jul 15, 2020 12:38 content: "{\"message\":\"User country is forbidden according to jurisdiction data\",\"code\":7}"
 date and time: Wed Jul 15, 2020 13:05 content: "{\"message\":\"User country is forbidden according to jurisdiction data\",\"code\":7}"
 date and time: Wed Jul 15, 2020 13:22 content: "{\"message\":\"User country is forbidden according to jurisdiction data\",\"code\":7}"
 date and time: Wed Jul 15, 2020 13:45 content: "{\"message\":\"User country is forbidden according to jurisdiction data\",\"code\":7}"
 date and time: Wed Jul 15, 2020 13:47 content: "{\"message\":\"User country is forbidden according to jurisdiction data\",\"code\":7}"
 date and time: Wed Jul 15, 2020 15:10 content: "{\"message\":\"User country is forbidden according to jurisdiction data\",\"code\":7}"
 date and time: Wed Jul 15, 2020 15:11 content: "{\"message\":\"User country is forbidden according to jurisdiction data\",\"code\":7}"
 date and time: Wed Jul 15, 2020 15:12 content: "{\"message\":\"User country is forbidden according to jurisdiction data\",\"code\":7}"
 date and time: Wed Jul 15, 2020 17:17 content: "{\"message\":\"User country is forbidden according to jurisdiction data\",\"code\":7}"
 date and time: Wed Jul 15, 2020 17:26 content: "{\"message\":\"User country is forbidden according to jurisdiction data\",\"code\":7}"
 date and time: Wed Jul 15, 2020 17:29 content: "{\"message\":\"User country is forbidden according to jurisdiction data\",\"code\":7}"
 date and time: Wed Jul 15, 2020 17:30 content: "{\"message\":\"User country is forbidden according to jurisdiction data\",\"code\":7}"
 date and time: Wed Jul 15, 2020 17:42 content: "{\"message\":\"User country is forbidden according to jurisdiction data\",\"code\":7}"
 date and time: Wed Jul 15, 2020 18:46 content: "{\"message\":\"User country is forbidden according to jurisdiction data\",\"code\":7}"
 date and time: Wed Jul 15, 2020 18:46 content: "{\"message\":\"User country is forbidden according to jurisdiction data\",\"code\":7}"
 date and time: Wed Jul 15, 2020 18:46 content: "{\"message\":\"User country is forbidden according to jurisdiction data\",\"code\":7}"
 date and time: Tue Dec 01, 2020 17:40 content: null
 date and time: Tue Dec 01, 2020 17:40 content: null
 date and time: Tue Dec 01, 2020 17:40 content: null
 date and time: Tue Dec 01, 2020 17:40 content: null